$LOG--> 2014-12-12 10:06:42,369 0 INFO  (main)[org.apache.mahout.cf.taste.impl.model.file.FileDataModel.<init>(FileDataModel.java:187)] : Creating FileDataModel for file C:\dev\workspace\github\mahoutrecommender\mahout\target\test-classes\dataset.csv
$LOG--> 2014-12-12 10:06:42,416 47 INFO  (main)[org.apache.mahout.cf.taste.impl.model.file.FileDataModel.processFile(FileDataModel.java:358)] : Reading file info...
$LOG--> 2014-12-12 10:06:42,419 50 INFO  (main)[org.apache.mahout.cf.taste.impl.model.file.FileDataModel.processFile(FileDataModel.java:369)] : Read lines: 34
$LOG--> 2014-12-12 10:06:42,440 71 INFO  (main)[org.apache.mahout.cf.taste.impl.model.GenericDataModel.<init>(GenericDataModel.java:113)] : Processed 4 users
$LOG--> 2014-12-12 10:06:42,457 88 DEBUG (main)[org.apache.mahout.cf.taste.impl.recommender.GenericUserBasedRecommender.recommend(GenericUserBasedRecommender.java:85)] : Recommending items for user ID '1'
$LOG--> 2014-12-12 10:06:42,463 94 DEBUG (main)[org.apache.mahout.cf.taste.impl.recommender.GenericUserBasedRecommender.recommend(GenericUserBasedRecommender.java:100)] : Recommendations are: [RecommendedItem[item:19, value:5.0]]
$LOG--> 2014-12-12 10:06:42,464 95 DEBUG (main)[org.apache.mahout.cf.taste.impl.recommender.GenericUserBasedRecommender.recommend(GenericUserBasedRecommender.java:85)] : Recommending items for user ID '2'
$LOG--> 2014-12-12 10:06:42,466 97 DEBUG (main)[org.apache.mahout.cf.taste.impl.recommender.GenericUserBasedRecommender.recommend(GenericUserBasedRecommender.java:100)] : Recommendations are: [RecommendedItem[item:12, value:4.8159566], RecommendedItem[item:13, value:4.631913], RecommendedItem[item:14, value:4.2638264]]
$LOG--> 2014-12-12 10:06:42,468 99 DEBUG (main)[org.apache.mahout.cf.taste.impl.recommender.GenericUserBasedRecommender.recommend(GenericUserBasedRecommender.java:85)] : Recommending items for user ID '3'
$LOG--> 2014-12-12 10:06:42,469 100 DEBUG (main)[org.apache.mahout.cf.taste.impl.recommender.GenericUserBasedRecommender.recommend(GenericUserBasedRecommender.java:100)] : Recommendations are: [RecommendedItem[item:10, value:1.0]]
$LOG--> 2014-12-12 10:06:42,470 101 DEBUG (main)[org.apache.mahout.cf.taste.impl.recommender.GenericUserBasedRecommender.recommend(GenericUserBasedRecommender.java:85)] : Recommending items for user ID '4'
$LOG--> 2014-12-12 10:07:50,732 0 INFO  (main)[org.apache.mahout.cf.taste.impl.model.file.FileDataModel.<init>(FileDataModel.java:187)] : Creating FileDataModel for file C:\dev\workspace\github\mahoutrecommender\mahout\target\test-classes\dataset.csv
$LOG--> 2014-12-12 10:07:50,778 46 INFO  (main)[org.apache.mahout.cf.taste.impl.model.file.FileDataModel.processFile(FileDataModel.java:358)] : Reading file info...
$LOG--> 2014-12-12 10:07:50,782 50 INFO  (main)[org.apache.mahout.cf.taste.impl.model.file.FileDataModel.processFile(FileDataModel.java:369)] : Read lines: 34
$LOG--> 2014-12-12 10:07:50,804 72 INFO  (main)[org.apache.mahout.cf.taste.impl.model.GenericDataModel.<init>(GenericDataModel.java:113)] : Processed 4 users
$LOG--> 2014-12-12 10:07:50,824 92 DEBUG (main)[org.apache.mahout.cf.taste.impl.recommender.GenericUserBasedRecommender.recommend(GenericUserBasedRecommender.java:85)] : Recommending items for user ID '1'
$LOG--> 2014-12-12 10:07:50,829 97 DEBUG (main)[org.apache.mahout.cf.taste.impl.recommender.GenericUserBasedRecommender.recommend(GenericUserBasedRecommender.java:100)] : Recommendations are: [RecommendedItem[item:19, value:5.0]]
$LOG--> 2014-12-12 10:07:50,830 98 DEBUG (main)[org.apache.mahout.cf.taste.impl.recommender.GenericUserBasedRecommender.recommend(GenericUserBasedRecommender.java:85)] : Recommending items for user ID '2'
$LOG--> 2014-12-12 10:07:50,831 99 DEBUG (main)[org.apache.mahout.cf.taste.impl.recommender.GenericUserBasedRecommender.recommend(GenericUserBasedRecommender.java:100)] : Recommendations are: [RecommendedItem[item:12, value:4.8159566], RecommendedItem[item:13, value:4.631913], RecommendedItem[item:14, value:4.2638264]]
$LOG--> 2014-12-12 10:07:50,833 101 DEBUG (main)[org.apache.mahout.cf.taste.impl.recommender.GenericUserBasedRecommender.recommend(GenericUserBasedRecommender.java:85)] : Recommending items for user ID '3'
$LOG--> 2014-12-12 10:07:50,834 102 DEBUG (main)[org.apache.mahout.cf.taste.impl.recommender.GenericUserBasedRecommender.recommend(GenericUserBasedRecommender.java:100)] : Recommendations are: [RecommendedItem[item:10, value:1.0]]
$LOG--> 2014-12-12 10:07:50,835 103 DEBUG (main)[org.apache.mahout.cf.taste.impl.recommender.GenericUserBasedRecommender.recommend(GenericUserBasedRecommender.java:85)] : Recommending items for user ID '4'
$LOG--> 2014-12-12 10:08:05,082 0 INFO  (main)[org.apache.mahout.cf.taste.impl.model.file.FileDataModel.<init>(FileDataModel.java:187)] : Creating FileDataModel for file C:\dev\workspace\github\mahoutrecommender\mahout\target\test-classes\dataset.csv
$LOG--> 2014-12-12 10:08:05,134 52 INFO  (main)[org.apache.mahout.cf.taste.impl.model.file.FileDataModel.processFile(FileDataModel.java:358)] : Reading file info...
$LOG--> 2014-12-12 10:08:05,139 57 INFO  (main)[org.apache.mahout.cf.taste.impl.model.file.FileDataModel.processFile(FileDataModel.java:369)] : Read lines: 34
$LOG--> 2014-12-12 10:08:05,162 80 INFO  (main)[org.apache.mahout.cf.taste.impl.model.GenericDataModel.<init>(GenericDataModel.java:113)] : Processed 4 users
$LOG--> 2014-12-12 10:08:05,177 95 DEBUG (main)[org.apache.mahout.cf.taste.impl.recommender.GenericUserBasedRecommender.recommend(GenericUserBasedRecommender.java:85)] : Recommending items for user ID '1'
$LOG--> 2014-12-12 10:08:05,182 100 DEBUG (main)[org.apache.mahout.cf.taste.impl.recommender.GenericUserBasedRecommender.recommend(GenericUserBasedRecommender.java:100)] : Recommendations are: [RecommendedItem[item:19, value:5.0]]
$LOG--> 2014-12-12 10:08:05,183 101 DEBUG (main)[org.apache.mahout.cf.taste.impl.recommender.GenericUserBasedRecommender.recommend(GenericUserBasedRecommender.java:85)] : Recommending items for user ID '2'
$LOG--> 2014-12-12 10:08:05,184 102 DEBUG (main)[org.apache.mahout.cf.taste.impl.recommender.GenericUserBasedRecommender.recommend(GenericUserBasedRecommender.java:100)] : Recommendations are: [RecommendedItem[item:12, value:4.8159566], RecommendedItem[item:13, value:4.631913], RecommendedItem[item:14, value:4.2638264]]
$LOG--> 2014-12-12 10:08:05,187 105 DEBUG (main)[org.apache.mahout.cf.taste.impl.recommender.GenericUserBasedRecommender.recommend(GenericUserBasedRecommender.java:85)] : Recommending items for user ID '3'
$LOG--> 2014-12-12 10:08:05,187 105 DEBUG (main)[org.apache.mahout.cf.taste.impl.recommender.GenericUserBasedRecommender.recommend(GenericUserBasedRecommender.java:100)] : Recommendations are: [RecommendedItem[item:10, value:1.0]]
$LOG--> 2014-12-12 10:08:05,189 107 DEBUG (main)[org.apache.mahout.cf.taste.impl.recommender.GenericUserBasedRecommender.recommend(GenericUserBasedRecommender.java:85)] : Recommending items for user ID '4'
$LOG--> 2014-12-12 10:08:19,624 0 INFO  (main)[org.apache.mahout.cf.taste.impl.model.file.FileDataModel.<init>(FileDataModel.java:187)] : Creating FileDataModel for file C:\dev\workspace\github\mahoutrecommender\mahout\target\test-classes\dataset.csv
$LOG--> 2014-12-12 10:08:19,680 56 INFO  (main)[org.apache.mahout.cf.taste.impl.model.file.FileDataModel.processFile(FileDataModel.java:358)] : Reading file info...
$LOG--> 2014-12-12 10:08:19,683 59 INFO  (main)[org.apache.mahout.cf.taste.impl.model.file.FileDataModel.processFile(FileDataModel.java:369)] : Read lines: 34
$LOG--> 2014-12-12 10:08:19,708 84 INFO  (main)[org.apache.mahout.cf.taste.impl.model.GenericDataModel.<init>(GenericDataModel.java:113)] : Processed 4 users
$LOG--> 2014-12-12 10:08:19,728 104 DEBUG (main)[org.apache.mahout.cf.taste.impl.recommender.GenericUserBasedRecommender.recommend(GenericUserBasedRecommender.java:85)] : Recommending items for user ID '1'
$LOG--> 2014-12-12 10:08:19,736 112 DEBUG (main)[org.apache.mahout.cf.taste.impl.recommender.GenericUserBasedRecommender.recommend(GenericUserBasedRecommender.java:100)] : Recommendations are: [RecommendedItem[item:19, value:5.0]]
$LOG--> 2014-12-12 10:08:19,737 113 DEBUG (main)[org.apache.mahout.cf.taste.impl.recommender.GenericUserBasedRecommender.recommend(GenericUserBasedRecommender.java:85)] : Recommending items for user ID '2'
$LOG--> 2014-12-12 10:08:19,738 114 DEBUG (main)[org.apache.mahout.cf.taste.impl.recommender.GenericUserBasedRecommender.recommend(GenericUserBasedRecommender.java:100)] : Recommendations are: [RecommendedItem[item:12, value:4.8159566], RecommendedItem[item:13, value:4.631913], RecommendedItem[item:14, value:4.2638264]]
$LOG--> 2014-12-12 10:08:19,739 115 DEBUG (main)[org.apache.mahout.cf.taste.impl.recommender.GenericUserBasedRecommender.recommend(GenericUserBasedRecommender.java:85)] : Recommending items for user ID '3'
$LOG--> 2014-12-12 10:08:19,740 116 DEBUG (main)[org.apache.mahout.cf.taste.impl.recommender.GenericUserBasedRecommender.recommend(GenericUserBasedRecommender.java:100)] : Recommendations are: [RecommendedItem[item:10, value:1.0]]
$LOG--> 2014-12-12 10:08:19,740 116 DEBUG (main)[org.apache.mahout.cf.taste.impl.recommender.GenericUserBasedRecommender.recommend(GenericUserBasedRecommender.java:85)] : Recommending items for user ID '4'
$LOG--> 2014-12-12 10:09:42,724 0 INFO  (main)[org.apache.mahout.cf.taste.impl.model.file.FileDataModel.<init>(FileDataModel.java:187)] : Creating FileDataModel for file C:\dev\workspace\github\mahoutrecommender\mahout\target\test-classes\dataset.csv
$LOG--> 2014-12-12 10:09:42,782 58 INFO  (main)[org.apache.mahout.cf.taste.impl.model.file.FileDataModel.processFile(FileDataModel.java:358)] : Reading file info...
$LOG--> 2014-12-12 10:09:42,786 62 INFO  (main)[org.apache.mahout.cf.taste.impl.model.file.FileDataModel.processFile(FileDataModel.java:369)] : Read lines: 34
$LOG--> 2014-12-12 10:09:42,809 85 INFO  (main)[org.apache.mahout.cf.taste.impl.model.GenericDataModel.<init>(GenericDataModel.java:113)] : Processed 4 users
$LOG--> 2014-12-12 10:09:42,829 105 DEBUG (main)[org.apache.mahout.cf.taste.impl.recommender.GenericUserBasedRecommender.recommend(GenericUserBasedRecommender.java:85)] : Recommending items for user ID '1'
$LOG--> 2014-12-12 10:09:42,836 112 DEBUG (main)[org.apache.mahout.cf.taste.impl.recommender.GenericUserBasedRecommender.recommend(GenericUserBasedRecommender.java:100)] : Recommendations are: [RecommendedItem[item:19, value:5.0]]
$LOG--> 2014-12-12 10:09:42,841 117 DEBUG (main)[org.apache.mahout.cf.taste.impl.recommender.GenericUserBasedRecommender.recommend(GenericUserBasedRecommender.java:85)] : Recommending items for user ID '2'
$LOG--> 2014-12-12 10:09:42,843 119 DEBUG (main)[org.apache.mahout.cf.taste.impl.recommender.GenericUserBasedRecommender.recommend(GenericUserBasedRecommender.java:100)] : Recommendations are: [RecommendedItem[item:12, value:4.8159566], RecommendedItem[item:13, value:4.631913], RecommendedItem[item:14, value:4.2638264]]
$LOG--> 2014-12-12 10:09:42,845 121 DEBUG (main)[org.apache.mahout.cf.taste.impl.recommender.GenericUserBasedRecommender.recommend(GenericUserBasedRecommender.java:85)] : Recommending items for user ID '3'
$LOG--> 2014-12-12 10:09:42,846 122 DEBUG (main)[org.apache.mahout.cf.taste.impl.recommender.GenericUserBasedRecommender.recommend(GenericUserBasedRecommender.java:100)] : Recommendations are: [RecommendedItem[item:10, value:1.0]]
$LOG--> 2014-12-12 10:09:42,848 124 DEBUG (main)[org.apache.mahout.cf.taste.impl.recommender.GenericUserBasedRecommender.recommend(GenericUserBasedRecommender.java:85)] : Recommending items for user ID '4'
$LOG--> 2014-12-12 10:10:26,468 0 INFO  (main)[org.apache.mahout.cf.taste.impl.model.file.FileDataModel.<init>(FileDataModel.java:187)] : Creating FileDataModel for file C:\dev\workspace\github\mahoutrecommender\mahout\target\test-classes\dataset.csv
$LOG--> 2014-12-12 10:10:26,518 50 INFO  (main)[org.apache.mahout.cf.taste.impl.model.file.FileDataModel.processFile(FileDataModel.java:358)] : Reading file info...
$LOG--> 2014-12-12 10:10:26,521 53 INFO  (main)[org.apache.mahout.cf.taste.impl.model.file.FileDataModel.processFile(FileDataModel.java:369)] : Read lines: 34
$LOG--> 2014-12-12 10:10:26,544 76 INFO  (main)[org.apache.mahout.cf.taste.impl.model.GenericDataModel.<init>(GenericDataModel.java:113)] : Processed 4 users
$LOG--> 2014-12-12 10:10:26,561 93 DEBUG (main)[org.apache.mahout.cf.taste.impl.recommender.GenericUserBasedRecommender.recommend(GenericUserBasedRecommender.java:85)] : Recommending items for user ID '1'
$LOG--> 2014-12-12 10:10:26,566 98 DEBUG (main)[org.apache.mahout.cf.taste.impl.recommender.GenericUserBasedRecommender.recommend(GenericUserBasedRecommender.java:100)] : Recommendations are: [RecommendedItem[item:19, value:5.0]]
$LOG--> 2014-12-12 10:10:26,567 99 DEBUG (main)[org.apache.mahout.cf.taste.impl.recommender.GenericUserBasedRecommender.recommend(GenericUserBasedRecommender.java:85)] : Recommending items for user ID '2'
$LOG--> 2014-12-12 10:10:26,568 100 DEBUG (main)[org.apache.mahout.cf.taste.impl.recommender.GenericUserBasedRecommender.recommend(GenericUserBasedRecommender.java:100)] : Recommendations are: [RecommendedItem[item:12, value:4.8159566], RecommendedItem[item:13, value:4.631913], RecommendedItem[item:14, value:4.2638264]]
$LOG--> 2014-12-12 10:10:26,570 102 DEBUG (main)[org.apache.mahout.cf.taste.impl.recommender.GenericUserBasedRecommender.recommend(GenericUserBasedRecommender.java:85)] : Recommending items for user ID '3'
$LOG--> 2014-12-12 10:10:26,570 102 DEBUG (main)[org.apache.mahout.cf.taste.impl.recommender.GenericUserBasedRecommender.recommend(GenericUserBasedRecommender.java:100)] : Recommendations are: [RecommendedItem[item:10, value:1.0]]
$LOG--> 2014-12-12 10:10:26,571 103 DEBUG (main)[org.apache.mahout.cf.taste.impl.recommender.GenericUserBasedRecommender.recommend(GenericUserBasedRecommender.java:85)] : Recommending items for user ID '4'
